SF:lib/models/category.dart
DA:9,1
DA:16,1
DA:17,1
DA:18,1
DA:19,1
DA:20,4
DA:21,2
DA:25,1
DA:26,1
DA:27,1
DA:28,1
DA:29,1
DA:30,3
DA:32,2
DA:36,1
DA:42,1
DA:43,1
DA:44,1
DA:45,1
DA:46,1
DA:50,1
DA:52,5
DA:55,1
DA:58,1
DA:59,3
DA:60,3
DA:61,3
DA:62,3
DA:63,3
DA:65,1
DA:67,3
DA:68,3
DA:69,3
DA:70,2
DA:72,2
DA:74,2
LF:36
LH:36
end_of_record
SF:lib/providers/memo_provider.dart
DA:11,3
DA:12,4
DA:13,4
DA:14,3
DA:16,2
DA:17,2
DA:18,2
DA:21,4
DA:22,5
DA:23,1
DA:25,6
DA:27,2
DA:31,1
DA:33,3
DA:34,1
DA:35,2
DA:36,1
DA:38,0
DA:43,1
DA:44,1
DA:45,1
DA:49,4
DA:50,6
DA:51,2
DA:52,2
DA:53,1
DA:56,0
DA:61,1
DA:63,2
DA:64,5
DA:65,1
DA:67,0
DA:72,1
DA:73,5
DA:74,2
DA:76,2
DA:77,1
DA:78,1
DA:79,1
DA:83,3
DA:84,2
DA:85,1
DA:87,0
DA:92,1
DA:93,2
DA:94,1
DA:98,1
DA:99,1
DA:102,3
DA:103,5
DA:104,1
DA:106,0
DA:108,1
DA:112,0
DA:113,0
DA:114,0
DA:117,0
DA:118,0
DA:119,0
DA:121,0
DA:123,0
DA:127,1
DA:128,1
DA:129,1
DA:132,2
DA:133,5
DA:134,1
DA:136,0
DA:138,1
DA:142,1
DA:144,5
DA:150,2
DA:151,2
DA:152,2
DA:155,2
DA:156,2
DA:157,2
DA:160,2
DA:161,2
DA:164,1
DA:165,1
DA:166,1
DA:169,2
DA:171,4
DA:172,2
LF:85
LH:71
end_of_record
SF:lib/models/memo.dart
DA:10,2
DA:20,2
DA:21,2
DA:22,2
DA:23,2
DA:24,2
DA:25,2
DA:26,2
DA:27,4
DA:28,4
DA:32,2
DA:33,2
DA:34,2
DA:35,2
DA:36,2
DA:37,2
DA:38,4
DA:39,4
DA:40,4
DA:44,2
DA:53,2
DA:54,2
DA:55,2
DA:56,2
DA:57,2
DA:58,2
DA:59,2
DA:60,2
DA:64,2
DA:66,16
DA:69,1
DA:72,1
DA:73,3
DA:74,3
DA:75,3
DA:76,3
DA:77,3
DA:78,3
DA:79,3
DA:80,3
DA:82,2
DA:84,6
DA:85,6
DA:86,6
DA:87,6
DA:88,6
DA:89,6
DA:90,4
DA:92,1
DA:93,3
DA:94,1
DA:96,3
DA:99,2
DA:101,1
DA:102,1
DA:103,2
DA:105,2
DA:106,2
DA:107,2
DA:108,2
DA:109,2
DA:110,2
DA:116,1
DA:117,1
DA:118,2
DA:120,2
DA:121,0
DA:122,2
DA:123,0
DA:124,2
DA:125,2
LF:71
LH:69
end_of_record
SF:lib/main.dart
DA:7,0
DA:8,0
DA:12,5
DA:14,1
DA:16,1
DA:17,1
DA:18,3
DA:20,1
DA:22,1
DA:23,1
DA:32,1
DA:34,1
DA:35,1
DA:38,1
DA:39,1
DA:40,1
DA:45,1
DA:46,1
DA:55,1
DA:57,1
DA:58,1
DA:61,1
DA:62,1
DA:63,1
DA:76,4
DA:78,1
DA:79,1
DA:83,1
DA:85,1
DA:86,3
DA:87,3
DA:91,1
DA:93,1
DA:94,1
DA:97,1
DA:98,1
DA:99,1
DA:105,1
DA:106,0
DA:107,0
DA:109,0
DA:116,0
DA:118,0
DA:120,0
DA:124,0
DA:125,0
DA:133,0
DA:134,0
DA:135,0
DA:136,0
DA:145,1
DA:176,0
DA:177,0
DA:178,0
DA:180,0
DA:182,0
DA:183,0
DA:184,0
DA:185,0
DA:187,0
DA:188,0
DA:190,0
DA:191,0
DA:195,0
DA:196,0
DA:199,0
DA:200,0
DA:208,1
DA:209,0
DA:210,0
DA:212,0
DA:213,0
DA:217,0
DA:218,0
LF:74
LH:38
end_of_record
SF:lib/screens/memo_edit_screen.dart
DA:9,4
DA:14,0
DA:15,0
DA:27,0
DA:29,0
DA:30,0
DA:31,0
DA:34,0
DA:35,0
DA:36,0
DA:37,0
DA:41,0
DA:42,0
DA:43,0
DA:46,0
DA:47,0
DA:48,0
DA:49,0
DA:54,0
DA:56,0
DA:57,0
DA:58,0
DA:59,0
DA:60,0
DA:63,0
DA:65,0
DA:66,0
DA:67,0
DA:68,0
DA:71,0
DA:73,0
DA:74,0
DA:76,0
DA:77,0
DA:81,0
DA:82,0
DA:84,0
DA:85,0
DA:87,0
DA:88,0
DA:89,0
DA:93,0
DA:95,0
DA:96,0
DA:101,0
DA:104,0
DA:105,0
DA:108,0
DA:109,0
DA:112,0
DA:113,0
DA:114,0
DA:115,0
DA:121,0
DA:122,0
DA:123,0
DA:129,0
DA:130,0
DA:132,0
DA:133,0
DA:134,0
DA:137,0
DA:138,0
DA:139,0
DA:142,0
DA:143,0
DA:144,0
DA:153,0
DA:154,0
DA:155,0
DA:159,0
DA:160,0
DA:162,0
DA:163,0
DA:166,0
DA:167,0
DA:168,0
DA:169,0
DA:175,0
DA:176,0
DA:177,0
DA:184,0
DA:185,0
DA:187,0
DA:188,0
DA:189,0
DA:192,0
DA:193,0
DA:194,0
DA:197,0
DA:198,0
DA:205,0
DA:206,0
DA:210,0
DA:213,0
DA:215,0
DA:216,0
DA:217,0
DA:219,0
DA:220,0
DA:221,0
DA:225,0
DA:226,0
DA:227,0
DA:228,0
DA:229,0
DA:230,0
DA:231,0
DA:235,0
DA:236,0
DA:237,0
DA:248,0
DA:250,0
DA:251,0
DA:252,0
DA:253,0
DA:254,0
DA:261,0
DA:262,0
DA:265,0
DA:268,0
DA:269,0
DA:270,0
DA:271,0
DA:281,0
DA:285,0
DA:286,0
DA:292,0
DA:293,0
DA:294,0
DA:296,0
DA:297,0
DA:298,0
DA:301,0
DA:304,0
DA:306,0
DA:307,0
DA:316,0
DA:317,0
DA:318,0
LF:140
LH:1
end_of_record
SF:lib/widgets/memo_list_item.dart
DA:9,0
DA:16,0
DA:18,0
DA:23,0
DA:24,0
DA:25,0
DA:26,0
DA:28,0
DA:30,0
DA:31,0
DA:32,0
DA:33,0
DA:34,0
DA:35,0
DA:36,0
DA:44,0
DA:45,0
DA:47,0
DA:50,0
DA:51,0
DA:52,0
DA:53,0
DA:54,0
DA:55,0
DA:63,0
DA:68,0
DA:69,0
DA:70,0
DA:71,0
DA:72,0
DA:77,0
DA:78,0
DA:79,0
DA:80,0
DA:83,0
DA:86,0
DA:87,0
DA:88,0
DA:89,0
DA:93,0
DA:94,0
DA:99,0
DA:100,0
DA:101,0
DA:103,0
DA:105,0
DA:106,0
LF:47
LH:0
end_of_record
SF:lib/services/database_helper.dart
DA:6,9
DA:9,3
DA:11,6
DA:13,3
DA:14,3
DA:18,3
DA:19,3
DA:20,2
DA:22,2
DA:25,2
DA:29,1
DA:30,1
DA:31,1
DA:32,1
DA:33,1
DA:36,1
DA:37,1
DA:51,1
DA:52,1
DA:62,1
DA:63,1
DA:71,1
DA:72,1
DA:84,2
DA:85,2
DA:86,6
DA:87,6
DA:88,2
DA:91,3
DA:92,3
DA:93,2
DA:99,1
DA:100,1
DA:101,1
DA:104,1
DA:106,2
DA:109,2
DA:110,2
DA:111,6
DA:112,2
DA:116,2
DA:120,2
DA:121,2
DA:122,2
DA:125,2
DA:130,1
DA:131,1
DA:132,3
DA:133,1
DA:136,1
DA:137,1
DA:138,1
DA:144,1
DA:145,1
DA:146,1
DA:150,1
DA:154,1
DA:155,1
DA:156,1
DA:159,1
DA:164,1
DA:165,1
DA:166,1
DA:169,1
DA:170,1
DA:171,1
DA:177,1
DA:178,1
DA:179,1
DA:183,1
DA:187,1
DA:188,1
DA:189,1
DA:192,1
DA:197,1
DA:198,1
DA:199,1
DA:201,1
DA:206,1
DA:207,1
DA:208,1
DA:211,1
DA:215,1
DA:216,1
DA:217,1
DA:222,1
DA:225,1
DA:226,1
DA:227,1
DA:232,1
DA:236,2
DA:237,2
DA:238,2
DA:241,6
DA:246,1
DA:247,1
DA:248,1
DA:251,1
DA:256,2
DA:257,2
DA:258,2
DA:266,3
DA:269,2
DA:274,1
DA:275,1
DA:276,1
DA:277,2
LF:107
LH:107
end_of_record
SF:lib/models/tag.dart
DA:5,1
DA:10,1
DA:11,1
DA:12,1
DA:13,1
DA:17,1
DA:18,1
DA:19,1
DA:20,1
DA:24,1
DA:28,1
DA:29,1
DA:30,0
DA:34,1
DA:36,3
DA:39,1
DA:42,1
DA:43,3
DA:44,3
DA:45,3
DA:47,1
DA:48,5
DA:50,3
DA:52,4
DA:54,1
DA:55,1
DA:56,1
DA:57,2
DA:58,1
DA:59,2
DA:62,1
DA:63,2
LF:32
LH:31
end_of_record
